
The downloaded binary packages are in
	/var/folders/jq/vk8m9frx12j5y9kdyj68nqm40000gn/T//RtmpeGTFUu/downloaded_packages
-/                                                                                                                                                                    /                                                                                                                                                                    -                                                                                                                                                                    tibble [56,139 × 51] (S3: tbl_df/tbl/data.frame)
 $ 發生年度      : num [1:56139] 112 112 112 112 112 112 112 112 112 112 ...
 $ 發生月        : num [1:56139] 1 1 1 1 1 1 1 1 1 1 ...
 $ 發生日        : num [1:56139] 1 1 1 1 1 1 1 1 1 1 ...
 $ 發生時-Hours  : num [1:56139] 0 0 0 0 0 1 1 1 1 2 ...
 $ 發生分        : num [1:56139] 46 46 50 50 50 16 16 16 16 0 ...
 $ 處理別-編號   : num [1:56139] 2 2 2 2 2 2 2 2 2 2 ...
 $ 區序          : chr [1:56139] "04大安區" "04大安區" "12內湖區" "12內湖區" ...
 $ 肇事地點      : chr [1:56139] "大安區仁愛路4段與忠孝東路4段216巷口" "大安區仁愛路4段與忠孝東路4段216巷口" "內湖區成功交流道圓環東南角" "內湖區成功交流道圓環東南角" ...
 $ 死亡人數      : num [1:56139] 0 0 0 0 0 0 0 0 0 0 ...
 $ 2-30日死亡人數: num [1:56139] 0 0 0 0 0 0 0 0 0 0 ...
 $ 受傷人數      : num [1:56139] 1 1 2 2 2 1 1 1 1 1 ...
 $ 當事人序號    : num [1:56139] 2 1 1 2 3 2 1 2 1 1 ...
 $ 車種          : chr [1:56139] "C03" "H01" "B03" "C03" ...
 $ 天候          : num [1:56139] 6 6 6 6 6 6 6 6 6 6 ...
 $ 光線          : num [1:56139] 3 3 3 3 3 3 3 3 3 3 ...
 $ 道路類別      : num [1:56139] 5 5 5 5 5 5 5 5 5 5 ...
 $ 速限-速度限制 : num [1:56139] 50 50 50 50 50 50 50 50 50 50 ...
 $ 道路型態      : num [1:56139] 4 4 14 14 14 14 14 4 4 4 ...
 $ 事故位置      : num [1:56139] 2 2 9 9 9 8 8 1 1 1 ...
 $ 路面狀況1     : num [1:56139] 1 1 1 1 1 1 1 1 1 1 ...
 $ 路面狀況2     : num [1:56139] 4 4 4 4 4 4 4 4 4 4 ...
 $ 路面狀況3     : num [1:56139] 4 4 4 4 4 4 4 4 4 4 ...
 $ 道路障礙1     : num [1:56139] 5 5 5 5 5 5 5 5 5 5 ...
 $ 道路障礙2     : num [1:56139] 7 7 7 7 7 7 7 7 7 7 ...
 $ 號誌1         : num [1:56139] 2 2 1 1 1 4 4 1 1 1 ...
 $ 號誌2         : num [1:56139] 1 1 1 1 1 4 4 1 1 1 ...
 $ 車道劃分-分向 : num [1:56139] 3 3 1 1 1 1 1 1 1 1 ...
 $ 車道劃分-分道1: num [1:56139] 4 4 3 3 3 4 4 2 2 5 ...
 $ 車道劃分-分道2: num [1:56139] 5 5 5 5 5 4 4 5 5 5 ...
 $ 車道劃分-分道3: num [1:56139] 2 2 2 2 2 2 2 2 2 1 ...
 $ 事故類型及型態: num [1:56139] 9 9 12 12 12 17 17 11 11 12 ...
 $ 性別          : num [1:56139] 1 1 1 1 2 2 1 1 1 1 ...
 $ 年齡          : num [1:56139] 34 24 48 22 22 27 63 22 64 52 ...
 $ 受傷程度      : num [1:56139] 2 3 3 2 2 2 4 2 3 3 ...
 $ 主要傷處      : num [1:56139] 9 10 10 7 8 9 11 9 10 10 ...
 $ 保護裝置      : num [1:56139] 1 4 1 1 4 3 3 1 1 1 ...
 $ 行動電話      : num [1:56139] 1 5 1 1 5 4 4 1 1 1 ...
 $ 車輛用途      : num [1:56139] 7 8 7 7 7 7 7 7 7 7 ...
 $ 當事者行動狀態: num [1:56139] 9 16 7 7 21 9 10 9 5 6 ...
 $ 駕駛資格情形  : num [1:56139] 1 8 1 1 8 1 7 1 1 1 ...
 $ 駕駛執照種類  : num [1:56139] 10 20 8 10 20 10 19 10 4 4 ...
 $ 飲酒情形      : num [1:56139] 2 10 1 1 10 2 11 2 2 2 ...
 $ 車輛撞擊部位1 : num [1:56139] 14 16 2 14 15 12 15 11 6 5 ...
 $ 車輛撞擊部位2 : num [1:56139] NA NA NA NA NA NA NA NA NA NA ...
 $ 肇因碼-個別   : num [1:56139] 23 60 7 7 67 42 7 44 25 6 ...
 $ 肇因碼-主要   : logi [1:56139] NA NA NA NA NA NA ...
 $ 個人肇逃否    : num [1:56139] 1 1 1 1 1 1 2 1 1 1 ...
 $ 職業          : num [1:56139] 22 22 22 22 22 22 22 22 22 22 ...
 $ 旅次目的      : num [1:56139] 9 9 9 9 9 9 9 9 9 9 ...
 $ 座標-X        : num [1:56139] 122 122 122 122 122 ...
 $ 座標-Y        : num [1:56139] 25 25 25.1 25.1 25.1 ...
    發生年度       發生月           發生日       發生時-Hours       發生分       處理別-編號        區序             肇事地點            死亡人數       
 Min.   :112   Min.   : 1.000   Min.   : 1.00   Min.   : 0.00   Min.   : 0.00   Min.   :1.000   Length:56139       Length:56139       Min.   :0.000000  
 1st Qu.:112   1st Qu.: 3.000   1st Qu.: 8.00   1st Qu.: 9.00   1st Qu.:14.00   1st Qu.:2.000   Class :character   Class :character   1st Qu.:0.000000  
 Median :112   Median : 6.000   Median :16.00   Median :13.00   Median :30.00   Median :2.000   Mode  :character   Mode  :character   Median :0.000000  
 Mean   :112   Mean   : 6.424   Mean   :15.69   Mean   :13.37   Mean   :28.67   Mean   :1.997                                         Mean   :0.002851  
 3rd Qu.:112   3rd Qu.: 9.000   3rd Qu.:23.00   3rd Qu.:18.00   3rd Qu.:44.00   3rd Qu.:2.000                                         3rd Qu.:0.000000  
 Max.   :112   Max.   :12.000   Max.   :31.00   Max.   :23.00   Max.   :59.00   Max.   :2.000                                         Max.   :1.000000  
                                                                                                                                      NA's   :9         
 2-30日死亡人數        受傷人數       當事人序號         車種                天候            光線          道路類別     速限-速度限制      道路型態     
 Min.   :0.000000   Min.   :0.000   Min.   : 1.000   Length:56139       Min.   :1.000   Min.   :1.000   Min.   :3.000   Min.   : 0.00   Min.   : 3.000  
 1st Qu.:0.000000   1st Qu.:1.000   1st Qu.: 1.000   Class :character   1st Qu.:7.000   1st Qu.:1.000   1st Qu.:5.000   1st Qu.:40.00   1st Qu.: 4.000  
 Median :0.000000   Median :1.000   Median : 2.000   Mode  :character   Median :8.000   Median :3.000   Median :5.000   Median :50.00   Median : 4.000  
 Mean   :0.000641   Mean   :1.431   Mean   : 1.752                      Mean   :7.567   Mean   :3.599   Mean   :5.071   Mean   :43.75   Mean   : 7.804  
 3rd Qu.:0.000000   3rd Qu.:2.000   3rd Qu.: 2.000                      3rd Qu.:8.000   3rd Qu.:6.000   3rd Qu.:5.000   3rd Qu.:50.00   3rd Qu.:14.000  
 Max.   :1.000000   Max.   :8.000   Max.   :18.000                      Max.   :9.000   Max.   :7.000   Max.   :8.000   Max.   :80.00   Max.   :22.000  
 NA's   :9          NA's   :1                                           NA's   :10      NA's   :13      NA's   :13      NA's   :6       NA's   :13      
    事故位置       路面狀況1       路面狀況2       路面狀況3       道路障礙1      道路障礙2          號誌1           號誌2       車道劃分-分向    車道劃分-分道1 
 Min.   : 1.00   Min.   :1.000   Min.   :1.000   Min.   :1.000   Min.   :1.00   Min.   : 1.000   Min.   :1.000   Min.   :1.000   Min.   : 1.000   Min.   :1.000  
 1st Qu.: 1.00   1st Qu.:1.000   1st Qu.:5.000   1st Qu.:4.000   1st Qu.:5.00   1st Qu.: 7.000   1st Qu.:2.000   1st Qu.:1.000   1st Qu.: 1.000   1st Qu.:4.000  
 Median : 2.00   Median :1.000   Median :5.000   Median :4.000   Median :5.00   Median : 7.000   Median :4.000   Median :4.000   Median : 5.000   Median :4.000  
 Mean   : 4.68   Mean   :1.032   Mean   :4.847   Mean   :3.997   Mean   :4.95   Mean   : 9.845   Mean   :2.921   Mean   :2.665   Mean   : 5.226   Mean   :4.125  
 3rd Qu.: 9.00   3rd Qu.:1.000   3rd Qu.:5.000   3rd Qu.:4.000   3rd Qu.:5.00   3rd Qu.:13.000   3rd Qu.:4.000   3rd Qu.:4.000   3rd Qu.: 9.000   3rd Qu.:5.000  
 Max.   :25.00   Max.   :5.000   Max.   :5.000   Max.   :5.000   Max.   :6.00   Max.   :13.000   Max.   :4.000   Max.   :4.000   Max.   :10.000   Max.   :5.000  
 NA's   :13      NA's   :13      NA's   :13      NA's   :13      NA's   :13     NA's   :13       NA's   :13      NA's   :13      NA's   :13       NA's   :13     
 車道劃分-分道2  車道劃分-分道3  事故類型及型態       性別            年齡           受傷程度        主要傷處         保護裝置        行動電話       車輛用途    
 Min.   :1.000   Min.   :1.000   Min.   : 1.00   Min.   :1.000   Min.   :  0.00   Min.   :1.000   Min.   : 1.000   Min.   :1.000   Min.   :1.00   Min.   :1.000  
 1st Qu.:5.000   1st Qu.:2.000   1st Qu.:12.00   1st Qu.:1.000   1st Qu.: 26.00   1st Qu.:2.000   1st Qu.: 9.000   1st Qu.:1.000   1st Qu.:1.00   1st Qu.:7.000  
 Median :5.000   Median :2.000   Median :16.00   Median :1.000   Median : 39.00   Median :2.000   Median : 9.000   Median :3.000   Median :1.00   Median :7.000  
 Mean   :4.772   Mean   :1.782   Mean   :14.26   Mean   :1.382   Mean   : 40.61   Mean   :2.424   Mean   : 8.946   Mean   :3.316   Mean   :2.12   Mean   :7.035  
 3rd Qu.:5.000   3rd Qu.:2.000   3rd Qu.:17.00   3rd Qu.:2.000   3rd Qu.: 54.00   3rd Qu.:3.000   3rd Qu.:10.000   3rd Qu.:5.000   3rd Qu.:4.00   3rd Qu.:7.000  
 Max.   :5.000   Max.   :2.000   Max.   :38.00   Max.   :4.000   Max.   :111.00   Max.   :5.000   Max.   :11.000   Max.   :7.000   Max.   :8.00   Max.   :8.000  
 NA's   :13      NA's   :13      NA's   :13                      NA's   :21       NA's   :1322    NA's   :1322     NA's   :1344    NA's   :1343   NA's   :1332   
 當事者行動狀態    駕駛資格情形    駕駛執照種類      飲酒情形      車輛撞擊部位1   車輛撞擊部位2    肇因碼-個別     肇因碼-主要      個人肇逃否          職業     
 Min.   : 1.000   Min.   :1.000   Min.   : 1.00   Min.   : 1.000   Min.   : 1.00   Min.   : 1.00   Min.   :  1.00   Mode:logical   Min.   : 1.000   Min.   : 1.0  
 1st Qu.: 8.000   1st Qu.:1.000   1st Qu.: 8.00   1st Qu.: 1.000   1st Qu.: 8.00   1st Qu.:12.00   1st Qu.: 16.00   TRUE:1         1st Qu.: 1.000   1st Qu.:21.0  
 Median : 9.000   Median :1.000   Median :10.00   Median : 1.000   Median :12.00   Median :12.00   Median : 44.00   NA's:56138     Median : 1.000   Median :22.0  
 Mean   : 9.671   Mean   :2.163   Mean   :10.75   Mean   : 2.799   Mean   :10.75   Mean   :11.71   Mean   : 43.51                  Mean   : 1.029   Mean   :21.6  
 3rd Qu.: 9.000   3rd Qu.:1.000   3rd Qu.:10.00   3rd Qu.: 2.000   3rd Qu.:14.00   3rd Qu.:14.00   3rd Qu.: 67.00                  3rd Qu.: 1.000   3rd Qu.:22.0  
 Max.   :21.000   Max.   :8.000   Max.   :21.00   Max.   :11.000   Max.   :17.00   Max.   :16.00   Max.   :131.00                  Max.   :14.000   Max.   :29.0  
 NA's   :1335     NA's   :1330    NA's   :1351    NA's   :900      NA's   :1331    NA's   :55678   NA's   :641                     NA's   :43       NA's   :1352  
    旅次目的          座標-X          座標-Y     
 Min.   : 1.000   Min.   :121.5   Min.   :24.96  
 1st Qu.: 9.000   1st Qu.:121.5   1st Qu.:25.04  
 Median : 9.000   Median :121.5   Median :25.05  
 Mean   : 8.896   Mean   :121.5   Mean   :25.05  
 3rd Qu.: 9.000   3rd Qu.:121.6   3rd Qu.:25.07  
 Max.   :14.000   Max.   :121.6   Max.   :25.19  
 NA's   :27766    NA's   :3       NA's   :3      
      發生年度         發生月         發生日   發生時-Hours         發生分    處理別-編號           區序       肇事地點       死亡人數 2-30日死亡人數       受傷人數 
             0              0              0              0              0              0              0              0              9              9              1 
    當事人序號           車種           天候           光線       道路類別  速限-速度限制       道路型態       事故位置      路面狀況1      路面狀況2      路面狀況3 
             0           1020             10             13             13              6             13             13             13             13             13 
     道路障礙1      道路障礙2          號誌1          號誌2  車道劃分-分向 車道劃分-分道1 車道劃分-分道2 車道劃分-分道3 事故類型及型態           性別           年齡 
            13             13             13             13             13             13             13             13             13              0             21 
      受傷程度       主要傷處       保護裝置       行動電話       車輛用途 當事者行動狀態   駕駛資格情形   駕駛執照種類       飲酒情形  車輛撞擊部位1  車輛撞擊部位2 
          1322           1322           1344           1343           1332           1335           1330           1351            900           1331          55678 
   肇因碼-個別    肇因碼-主要     個人肇逃否           職業       旅次目的         座標-X         座標-Y 
           641          56138             43           1352          27766              3              3 

The downloaded binary packages are in
	/var/folders/jq/vk8m9frx12j5y9kdyj68nqm40000gn/T//RtmpeGTFUu/downloaded_packages
[1] FALSE
# A tibble: 0 × 51
# ℹ 51 variables: 發生年度 <dbl>, 發生月 <dbl>, 發生日 <dbl>, 發生時-Hours <dbl>, 發生分 <dbl>, 處理別-編號 <dbl>, 區序 <chr>, 肇事地點 <chr>, 死亡人數 <dbl>,
#   2-30日死亡人數 <dbl>, 受傷人數 <dbl>, 當事人序號 <dbl>, 車種 <chr>, 天候 <dbl>, 光線 <dbl>, 道路類別 <dbl>, 速限-速度限制 <dbl>, 道路型態 <dbl>, 事故位置 <dbl>,
#   路面狀況1 <dbl>, 路面狀況2 <dbl>, 路面狀況3 <dbl>, 道路障礙1 <dbl>, 道路障礙2 <dbl>, 號誌1 <dbl>, 號誌2 <dbl>, 車道劃分-分向 <dbl>, 車道劃分-分道1 <dbl>,
#   車道劃分-分道2 <dbl>, 車道劃分-分道3 <dbl>, 事故類型及型態 <dbl>, 性別 <dbl>, 年齡 <dbl>, 受傷程度 <dbl>, 主要傷處 <dbl>, 保護裝置 <dbl>, 行動電話 <dbl>,
#   車輛用途 <dbl>, 當事者行動狀態 <dbl>, 駕駛資格情形 <dbl>, 駕駛執照種類 <dbl>, 飲酒情形 <dbl>, 車輛撞擊部位1 <dbl>, 車輛撞擊部位2 <dbl>, 肇因碼-個別 <dbl>,
#   肇因碼-主要 <lgl>, 個人肇逃否 <dbl>, 職業 <dbl>, 旅次目的 <dbl>, 座標-X <dbl>, 座標-Y <dbl>
      發生月       發生日 發生時-Hours         區序     死亡人數     受傷人數         天候     道路類別    路面狀況2 
           0            0            0            0            9            1           10           13           13 

The downloaded binary packages are in
	/var/folders/jq/vk8m9frx12j5y9kdyj68nqm40000gn/T//RtmpeGTFUu/downloaded_packages
[1] 0
     發生月           發生日      發生時-Hours       區序              死亡人數           受傷人數          天候          道路類別       路面狀況2    
 Min.   : 1.000   Min.   : 1.0   Min.   : 0.00   Length:56126       Min.   :0.000000   Min.   :0.000   Min.   :1.000   Min.   :3.000   Min.   :1.000  
 1st Qu.: 3.000   1st Qu.: 8.0   1st Qu.: 9.00   Class :character   1st Qu.:0.000000   1st Qu.:1.000   1st Qu.:7.000   1st Qu.:5.000   1st Qu.:5.000  
 Median : 6.000   Median :16.0   Median :13.00   Mode  :character   Median :0.000000   Median :1.000   Median :8.000   Median :5.000   Median :5.000  
 Mean   : 6.424   Mean   :15.7   Mean   :13.36                      Mean   :0.002851   Mean   :1.431   Mean   :7.567   Mean   :5.071   Mean   :4.847  
 3rd Qu.: 9.000   3rd Qu.:23.0   3rd Qu.:18.00                      3rd Qu.:0.000000   3rd Qu.:2.000   3rd Qu.:8.000   3rd Qu.:5.000   3rd Qu.:5.000  
 Max.   :12.000   Max.   :31.0   Max.   :23.00                      Max.   :1.000000   Max.   :8.000   Max.   :9.000   Max.   :8.000   Max.   :5.000  
[1]  4  4 12 12 12  1
 num [1:56126] 4 4 12 12 12 1 1 11 11 4 ...

    3     4     5     6     7     8 
    4     8 54442   349   300  1023 

    0     1 
 1678 54398 
# A tibble: 12 × 2
   發生月 平均死傷人數
    <dbl>        <dbl>
 1      1         1.41
 2      2         1.46
 3      3         1.40
 4      4         1.45
 5      5         1.45
 6      6         1.43
 7      7         1.46
 8      8         1.42
 9      9         1.41
10     10         1.42
11     11         1.48
12     12         1.43
# A tibble: 6 × 23
  發生月 發生日 `發生時-Hours` 區序     死亡人數 受傷人數 區序數字 天候_暴雨 天候_強風 天候_風沙 天候_霧或煙 天候_雪 天候_雨 天候_陰 天候_晴 死傷人數 市區道路
   <dbl>  <dbl>          <dbl> <chr>       <dbl>    <dbl>    <dbl>     <dbl>     <dbl>     <dbl>       <dbl>   <dbl>   <dbl>   <dbl>   <dbl>    <dbl>    <dbl>
1      1      1              0 04大安區        0        1        4         0         0         0           0       0       1       0       0        1        1
2      1      1              0 04大安區        0        1        4         0         0         0           0       0       1       0       0        1        1
3      1      1              0 12內湖區        0        2       12         0         0         0           0       0       1       0       0        2        1
4      1      1              0 12內湖區        0        2       12         0         0         0           0       0       1       0       0        2        1
5      1      1              0 12內湖區        0        2       12         0         0         0           0       0       1       0       0        2        1
6      1      1              1 01大同區        0        1        1         0         0         0           0       0       1       0       0        1        1
# ℹ 6 more variables: 路面狀態_冰雪 <dbl>, 路面狀態_油滑 <dbl>, 路面狀態_泥濘 <dbl>, 路面狀態_濕潤 <dbl>, 路面狀態_乾燥 <dbl>, 夜間 <dbl>

The downloaded binary packages are in
	/var/folders/jq/vk8m9frx12j5y9kdyj68nqm40000gn/T//RtmpeGTFUu/downloaded_packages
# A tibble: 3 × 3
  Group   平均數 標準差
  <chr>    <dbl>  <dbl>
1 Overall   1.43  0.717
2 Day       1.42  0.712
3 Night     1.49  0.735

Call:
lm(formula = 受傷人數 ~ 夜間, data = data_clean)

Residuals:
    Min      1Q  Median      3Q     Max 
-1.4918 -0.4196 -0.4196  0.5804  6.5804 

Coefficients:
            Estimate Std. Error t value Pr(>|t|)    
(Intercept) 1.419572   0.003319 427.707   <2e-16 ***
夜間        0.072242   0.008130   8.885   <2e-16 ***
---
Signif. codes:  0 ‘***’ 0.001 ‘**’ 0.01 ‘*’ 0.05 ‘.’ 0.1 ‘ ’ 1

Residual standard error: 0.7175 on 56074 degrees of freedom
Multiple R-squared:  0.001406,	Adjusted R-squared:  0.001388 
F-statistic: 78.95 on 1 and 56074 DF,  p-value: < 2.2e-16


Call:
lm(formula = 死傷人數 ~ 夜間 + 天候_暴雨 + 天候_風沙 + 
    天候_霧或煙 + 天候_雨 + 天候_陰 + 市區道路 + 
    路面狀態_冰雪 + 路面狀態_油滑 + 路面狀態_泥濘 + 
    路面狀態_濕潤, data = data_clean)

Residuals:
    Min      1Q  Median      3Q     Max 
-1.5097 -0.4334 -0.4239  0.5666  6.6586 

Coefficients:
               Estimate Std. Error t value Pr(>|t|)    
(Intercept)    1.521720   0.017614  86.394  < 2e-16 ***
夜間           0.076361   0.008125   9.398  < 2e-16 ***
天候_暴雨     -0.333527   0.216572  -1.540  0.12356    
天候_風沙     -0.433366   0.505488  -0.857  0.39127    
天候_霧或煙    0.570271   0.216058   2.639  0.00831 ** 
天候_雨        0.007857   0.022803   0.345  0.73043    
天候_陰       -0.009447   0.008122  -1.163  0.24476    
市區道路      -0.088354   0.017745  -4.979 6.41e-07 ***
路面狀態_冰雪  0.862088   0.206592   4.173 3.01e-05 ***
路面狀態_油滑  0.355127   0.081010   4.384 1.17e-05 ***
路面狀態_泥濘  0.471356   0.106759   4.415 1.01e-05 ***
路面狀態_濕潤 -0.099839   0.021001  -4.754 2.00e-06 ***
---
Signif. codes:  0 ‘***’ 0.001 ‘**’ 0.01 ‘*’ 0.05 ‘.’ 0.1 ‘ ’ 1

Residual standard error: 0.7148 on 56064 degrees of freedom
Multiple R-squared:  0.005247,	Adjusted R-squared:  0.005051 
F-statistic: 26.88 on 11 and 56064 DF,  p-value: < 2.2e-16


The downloaded binary packages are in
	/var/folders/jq/vk8m9frx12j5y9kdyj68nqm40000gn/T//RtmpeGTFUu/downloaded_packages

===============================================
                        Dependent variable:    
                    ---------------------------
                               受傷人數            
-----------------------------------------------
夜間                           0.072***          
                              (0.008)          
                                               
Constant                     1.420***          
                              (0.003)          
                                               
-----------------------------------------------
Observations                  56,076           
R2                             0.001           
Adjusted R2                    0.001           
Residual Std. Error     0.717 (df = 56074)     
F Statistic          78.952*** (df = 1; 56074) 
===============================================
Note:               *p<0.1; **p<0.05; ***p<0.01

===============================================
                        Dependent variable:    
                    ---------------------------
                               死傷人數            
-----------------------------------------------
夜間                           0.076***          
                              (0.008)          
                                               
天候_暴雨                         -0.334           
                              (0.217)          
                                               
天候_風沙                         -0.433           
                              (0.505)          
                                               
天候_霧或煙                       0.570***          
                              (0.216)          
                                               
天候_雨                           0.008           
                              (0.023)          
                                               
天候_陰                          -0.009           
                              (0.008)          
                                               
市區道路                         -0.088***         
                              (0.018)          
                                               
路面狀態_冰雪                      0.862***          
                              (0.207)          
                                               
路面狀態_油滑                      0.355***          
                              (0.081)          
                                               
路面狀態_泥濘                      0.471***          
                              (0.107)          
                                               
路面狀態_濕潤                      -0.100***         
                              (0.021)          
                                               
Constant                     1.522***          
                              (0.018)          
                                               
-----------------------------------------------
Observations                  56,076           
R2                             0.005           
Adjusted R2                    0.005           
Residual Std. Error     0.715 (df = 56064)     
F Statistic         26.881*** (df = 11; 56064) 
===============================================
Note:               *p<0.1; **p<0.05; ***p<0.01

Result
========================================================================
                                    Dependent variable:                 
                    ----------------------------------------------------
                              死傷人數                       死傷人數           
                               (1)                       (2)            
------------------------------------------------------------------------
夜間                          0.072***                   0.076***         
                             (0.008)                   (0.008)          
                                                                        
天候_暴雨                                                   -0.334          
                                                       (0.217)          
                                                                        
天候_風沙                                                   -0.433          
                                                       (0.505)          
                                                                        
天候_霧或煙                                                 0.570***         
                                                       (0.216)          
                                                                        
天候_雨                                                    0.008           
                                                       (0.023)          
                                                                        
天候_陰                                                    -0.009          
                                                       (0.008)          
                                                                        
市區道路                                                  -0.088***         
                                                       (0.018)          
                                                                        
路面狀態_冰雪                                                0.862***         
                                                       (0.207)          
                                                                        
路面狀態_油滑                                                0.355***         
                                                       (0.081)          
                                                                        
路面狀態_泥濘                                                0.471***         
                                                       (0.107)          
                                                                        
路面狀態_濕潤                                               -0.100***         
                                                       (0.021)          
                                                                        
Constant                    1.420***                   1.522***         
                             (0.003)                   (0.018)          
                                                                        
------------------------------------------------------------------------
Observations                 56,076                     56,076          
R2                            0.001                     0.005           
Adjusted R2                   0.001                     0.005           
Residual Std. Error    0.717 (df = 56074)         0.715 (df = 56064)    
F Statistic         78.952*** (df = 1; 56074) 26.881*** (df = 11; 56064)
========================================================================
Note:                                        *p<0.1; **p<0.05; ***p<0.01
